<?xml version="1.0" encoding="UTF-8"?>
<testng-results skipped="0" failed="0" total="2" passed="2">
  <reporter-output>
  </reporter-output>
  <suite name="Default suite" duration-ms="49551" started-at="2019-09-12T14:15:15Z" finished-at="2019-09-12T14:16:05Z">
    <groups>
    </groups>
    <test name="Default test" duration-ms="49551" started-at="2019-09-12T14:15:15Z" finished-at="2019-09-12T14:16:05Z">
      <class name="com.training.sanity.tests.TC046EditOrder">
        <test-method status="PASS" signature="CaptureReports()[pri:0, instance:com.training.sanity.tests.TC046EditOrder@5ba23b66]" name="CaptureReports" is-config="true" duration-ms="325" started-at="2019-09-12T19:45:15Z" finished-at="2019-09-12T19:45:15Z">
          <reporter-output>
          </reporter-output>
        </test-method> <!-- CaptureReports -->
        <test-method status="PASS" signature="setUpBeforeClass()[pri:0, instance:com.training.sanity.tests.TC046EditOrder@5ba23b66]" name="setUpBeforeClass" is-config="true" duration-ms="7170" started-at="2019-09-12T19:45:15Z" finished-at="2019-09-12T19:45:23Z">
          <reporter-output>
          </reporter-output>
        </test-method> <!-- setUpBeforeClass -->
        <test-method status="PASS" signature="validLoginTest()[pri:1, instance:com.training.sanity.tests.TC046EditOrder@5ba23b66]" name="validLoginTest" duration-ms="1835" started-at="2019-09-12T19:45:23Z" finished-at="2019-09-12T19:45:24Z">
          <reporter-output>
          </reporter-output>
        </test-method> <!-- validLoginTest -->
        <test-method status="PASS" signature="TC046EditOrderTest()[pri:2, instance:com.training.sanity.tests.TC046EditOrder@5ba23b66]" name="TC046EditOrderTest" duration-ms="38801" started-at="2019-09-12T19:45:24Z" finished-at="2019-09-12T19:46:03Z">
          <reporter-output>
          </reporter-output>
        </test-method> <!-- TC046EditOrderTest -->
        <test-method status="PASS" signature="tearDown()[pri:0, instance:com.training.sanity.tests.TC046EditOrder@5ba23b66]" name="tearDown" is-config="true" duration-ms="1002" started-at="2019-09-12T19:46:03Z" finished-at="2019-09-12T19:46:04Z">
          <reporter-output>
          </reporter-output>
        </test-method> <!-- tearDown -->
        <test-method status="PASS" signature="closeReports()[pri:0, instance:com.training.sanity.tests.TC046EditOrder@5ba23b66]" name="closeReports" is-config="true" duration-ms="406" started-at="2019-09-12T19:46:04Z" finished-at="2019-09-12T19:46:05Z">
          <reporter-output>
          </reporter-output>
        </test-method> <!-- closeReports -->
      </class> <!-- com.training.sanity.tests.TC046EditOrder -->
    </test> <!-- Default test -->
  </suite> <!-- Default suite -->
</testng-results>
