<?xml version="1.0" encoding="UTF-8"?>
<!-- Generated by org.testng.reporters.JUnitXMLReporter -->
<testsuite hostname="DESKTOP-R8NBKIV" name="Default test" tests="4" failures="0" timestamp="21 Sep 2019 08:01:44 GMT" time="294.328" errors="0">
  <testcase name="UNF078ExcelTest" time="61.157" classname="com.training.regression.tests.UNF_78ExcelTest"/>
  <testcase name="UNF078ExcelTest" time="59.815" classname="com.training.regression.tests.UNF_78ExcelTest"/>
  <testcase name="UNF078ExcelTest" time="80.614" classname="com.training.regression.tests.UNF_78ExcelTest"/>
  <testcase name="UNF078ExcelTest" time="60.324" classname="com.training.regression.tests.UNF_78ExcelTest"/>
</testsuite> <!-- Default test -->
