<?xml version="1.0" encoding="UTF-8"?>
<!-- Generated by org.testng.reporters.JUnitXMLReporter -->
<testsuite hostname="DESKTOP-R8NBKIV" name="Default test" tests="2" failures="0" timestamp="8 Sep 2019 09:19:20 GMT" time="33.31" errors="0">
  <testcase name="validLoginTest" time="3.274" classname="com.training.sanity.tests.TC024ShippingDetailsFilter"/>
  <testcase name="ShippingDetailsFilterTest" time="15.663" classname="com.training.sanity.tests.TC024ShippingDetailsFilter"/>
</testsuite> <!-- Default test -->
